INFO : 2021-05-19 12:54:33,553 : START
INFO : 2021-05-19 12:54:33,877 : HTTP STATUS CODE : 200
INFO : 2021-05-19 12:54:34,229 : Create new links.csv
INFO : 2021-05-19 12:54:34,230 : Writed csv file
INFO : 2021-05-19 12:54:34,230 : DONE
INFO : 2021-05-19 13:22:07,740 : START
INFO : 2021-05-19 13:22:08,074 : HTTP STATUS CODE : 200
INFO : 2021-05-19 13:22:08,241 : Opend csv file
INFO : 2021-05-19 13:22:08,242 : Writed csv file
INFO : 2021-05-19 13:22:08,594 : Compared links
INFO : 2021-05-19 13:22:08,594 : DONE
INFO : 2021-05-19 13:25:15,908 : START
INFO : 2021-05-19 13:25:16,218 : HTTP STATUS CODE : 200
INFO : 2021-05-19 13:25:16,384 : Opend csv file
INFO : 2021-05-19 13:25:16,385 : Writed csv file
INFO : 2021-05-19 13:25:16,569 : Compared links
INFO : 2021-05-19 13:25:16,569 : DONE
INFO : 2021-05-19 14:38:36,782 : START
INFO : 2021-05-19 14:38:37,096 : HTTP STATUS CODE : 200
INFO : 2021-05-19 14:38:37,250 : Opend csv file
INFO : 2021-05-19 14:38:37,251 : Writed csv file
INFO : 2021-05-19 14:38:37,251 : Compared links
INFO : 2021-05-19 14:38:37,251 : DONE
INFO : 2021-05-19 14:38:56,087 : START
INFO : 2021-05-19 14:38:56,406 : HTTP STATUS CODE : 200
INFO : 2021-05-19 14:38:56,570 : Opend csv file
INFO : 2021-05-19 14:38:56,572 : Writed csv file
INFO : 2021-05-19 14:38:56,767 : Compared links
INFO : 2021-05-19 14:38:56,768 : DONE
INFO : 2021-05-19 14:39:22,150 : START
INFO : 2021-05-19 14:39:22,484 : HTTP STATUS CODE : 200
INFO : 2021-05-19 14:39:22,643 : Opend csv file
INFO : 2021-05-19 14:39:22,644 : Writed csv file
INFO : 2021-05-19 14:39:22,821 : Compared links
INFO : 2021-05-19 14:39:22,821 : DONE
INFO : 2021-05-19 14:43:38,765 : START
INFO : 2021-05-19 14:43:39,134 : HTTP STATUS CODE : 200
INFO : 2021-05-19 14:43:39,258 : Opend csv file
INFO : 2021-05-19 14:43:39,259 : Writed csv file
INFO : 2021-05-19 14:43:39,471 : Compared links
INFO : 2021-05-19 14:43:39,471 : DONE
INFO : 2021-05-19 16:28:22,147 : START
INFO : 2021-05-19 16:28:22,530 : HTTP STATUS CODE : 200
INFO : 2021-05-19 16:28:22,721 : Opend csv file
INFO : 2021-05-19 16:28:22,722 : Writed csv file
INFO : 2021-05-19 16:28:22,722 : Compared links
INFO : 2021-05-19 16:29:54,734 : START
INFO : 2021-05-19 16:29:55,075 : HTTP STATUS CODE : 200
INFO : 2021-05-19 16:29:55,272 : Opend csv file
INFO : 2021-05-19 16:29:55,273 : Writed csv file
INFO : 2021-05-19 16:29:55,273 : Compared links
INFO : 2021-05-19 16:31:14,524 : START
INFO : 2021-05-19 16:31:14,862 : HTTP STATUS CODE : 200
INFO : 2021-05-19 16:31:15,047 : Opend csv file
INFO : 2021-05-19 16:31:15,048 : Writed csv file
INFO : 2021-05-19 16:31:15,049 : Compared links
INFO : 2021-05-19 16:31:29,073 : START
INFO : 2021-05-19 16:31:29,406 : HTTP STATUS CODE : 200
INFO : 2021-05-19 16:31:29,554 : Opend csv file
INFO : 2021-05-19 16:31:29,555 : Writed csv file
INFO : 2021-05-19 16:31:29,555 : Compared links
INFO : 2021-05-19 16:31:29,555 : DONE
INFO : 2021-05-19 16:31:40,692 : START
INFO : 2021-05-19 16:31:41,057 : HTTP STATUS CODE : 200
INFO : 2021-05-19 16:31:41,281 : Opend csv file
INFO : 2021-05-19 16:31:41,282 : Writed csv file
INFO : 2021-05-19 16:31:41,501 : Compared links
INFO : 2021-05-19 16:31:41,871 : DONE
INFO : 2021-05-19 16:32:25,043 : START
INFO : 2021-05-19 16:32:25,386 : HTTP STATUS CODE : 200
INFO : 2021-05-19 16:32:25,564 : Opend csv file
INFO : 2021-05-19 16:32:25,566 : Writed csv file
INFO : 2021-05-19 16:32:25,748 : Compared links
INFO : 2021-05-19 16:32:26,095 : DONE
INFO : 2021-05-19 16:32:47,504 : START
INFO : 2021-05-19 16:32:47,814 : HTTP STATUS CODE : 200
INFO : 2021-05-19 16:32:47,995 : Opend csv file
INFO : 2021-05-19 16:32:47,996 : Writed csv file
INFO : 2021-05-19 16:32:47,996 : Compared links
INFO : 2021-05-19 16:32:47,996 : DONE
INFO : 2021-05-19 16:32:57,227 : START
INFO : 2021-05-19 16:32:57,563 : HTTP STATUS CODE : 200
INFO : 2021-05-19 16:32:57,783 : Opend csv file
INFO : 2021-05-19 16:32:57,785 : Writed csv file
INFO : 2021-05-19 16:32:58,143 : Compared links
INFO : 2021-05-19 16:32:58,483 : DONE
INFO : 2021-05-19 16:58:00,100 : START
INFO : 2021-05-19 16:58:00,435 : HTTP STATUS CODE : 200
INFO : 2021-05-19 16:58:00,611 : Opend csv file
INFO : 2021-05-19 16:58:00,612 : Writed csv file
INFO : 2021-05-19 16:58:00,612 : Compared links
INFO : 2021-05-19 16:58:00,612 : DONE
INFO : 2021-05-19 16:58:28,199 : START
INFO : 2021-05-19 16:58:28,546 : HTTP STATUS CODE : 200
INFO : 2021-05-19 16:58:28,746 : Opend csv file
INFO : 2021-05-19 16:58:28,747 : Writed csv file
INFO : 2021-05-19 16:58:29,100 : Compared links
INFO : 2021-05-19 16:58:29,462 : DONE
INFO : 2021-05-19 17:20:34,714 : START
INFO : 2021-05-19 17:20:35,130 : HTTP STATUS CODE : 200
INFO : 2021-05-19 17:20:35,360 : Opend csv file
INFO : 2021-05-19 17:20:35,360 : Writed csv file
INFO : 2021-05-19 17:20:35,361 : Compared links
INFO : 2021-05-19 17:20:35,361 : DONE
INFO : 2021-05-19 17:21:20,802 : START
INFO : 2021-05-19 17:21:21,121 : HTTP STATUS CODE : 200
INFO : 2021-05-19 17:21:21,291 : Opend csv file
INFO : 2021-05-19 17:21:21,292 : Writed csv file
INFO : 2021-05-19 17:21:21,292 : Compared links
INFO : 2021-05-19 17:21:21,595 : DONE
